14:07:34.191 [main] INFO  - Goto my account-->Click on Login.. 
14:07:34.883 [main] INFO  - Entering email and password.. 
14:07:35.559 [main] INFO  - clicked on login button...
15:21:51.876 [main] INFO  - Goto my account-->Click on Login.. 
15:21:53.135 [main] INFO  - Entering email and password.. 
15:21:54.620 [main] INFO  - clicked on login button...
15:32:55.009 [main] INFO  - Goto my account-->Click on Login.. 
15:32:55.760 [main] INFO  - Entering email and password.. 
15:32:56.517 [main] INFO  - clicked on login button...
15:44:58.490 [main] INFO  - Goto my account-->Click on Login.. 
15:44:59.375 [main] INFO  - Entering email and password.. 
15:45:00.720 [main] INFO  - clicked on login button...
11:24:02.941 [pool-3-thread-1] INFO  - Goto my account-->Click on Login.. 
11:24:03.761 [pool-3-thread-1] INFO  - Entering email and password.. 
11:24:06.101 [pool-3-thread-1] INFO  - clicked on login button...
11:25:07.956 [main] INFO  - Goto my account-->Click on Login.. 
11:25:08.604 [main] INFO  - Entering email and password.. 
11:25:09.732 [main] INFO  - clicked on login button...
11:27:34.728 [main] INFO  - Goto my account-->Click on Login.. 
11:27:35.361 [main] INFO  - Entering email and password.. 
11:27:36.283 [main] INFO  - clicked on login button...
11:28:39.062 [pool-3-thread-1] INFO  - Goto my account-->Click on Login.. 
11:28:39.709 [pool-3-thread-1] INFO  - Entering email and password.. 
11:28:41.527 [pool-3-thread-1] INFO  - clicked on login button...
11:30:58.762 [main] INFO  - Goto my account-->Click on Login.. 
11:30:59.506 [main] INFO  - Entering email and password.. 
11:31:00.817 [main] INFO  - clicked on login button...
11:32:42.541 [main] INFO  - Goto my account-->Click on Login.. 
11:32:46.118 [main] INFO  - Entering email and password.. 
11:32:47.244 [main] INFO  - clicked on login button...
11:34:08.134 [main] INFO  - Goto my account-->Click on Login.. 
11:34:08.801 [main] INFO  - Entering email and password.. 
11:34:10.471 [main] INFO  - clicked on login button...
11:45:34.561 [main] INFO  - Goto my account-->Click on Login.. 
11:45:35.241 [main] INFO  - Entering email and password.. 
11:45:36.544 [main] INFO  - clicked on login button...
11:48:32.063 [main] INFO  - Goto my account-->Click on Login.. 
11:48:32.749 [main] INFO  - Entering email and password.. 
11:48:34.206 [main] INFO  - clicked on login button...
12:19:09.362 [main] INFO  - Goto my account-->Click on Login.. 
12:19:10.371 [main] INFO  - Entering email and password.. 
12:19:11.738 [main] INFO  - clicked on login button...
12:24:14.670 [main] INFO  - Goto my account-->Click on Login.. 
12:24:15.551 [main] INFO  - Entering email and password.. 
12:24:16.857 [main] INFO  - clicked on login button...
12:25:59.705 [main] INFO  - Goto my account-->Click on Login.. 
12:26:00.443 [main] INFO  - Entering email and password.. 
12:26:01.724 [main] INFO  - clicked on login button...
12:40:21.946 [main] INFO  - Goto my account-->Click on Login.. 
12:40:22.616 [main] INFO  - Entering email and password.. 
12:40:24.212 [main] INFO  - clicked on login button...
12:48:13.135 [main] INFO  - Goto my account-->Click on Login.. 
12:48:14.187 [main] INFO  - Entering email and password.. 
12:48:15.338 [main] INFO  - clicked on login button...
07:20:02.541 [main] INFO  - Goto my account-->Click on Login.. 
07:20:03.687 [main] INFO  - Entering email and password.. 
07:20:04.885 [main] INFO  - clicked on login button...
07:26:07.255 [main] INFO  - Goto my account-->Click on Login.. 
07:26:08.073 [main] INFO  - Entering email and password.. 
07:26:08.937 [main] INFO  - clicked on login button...
07:27:45.855 [main] INFO  - Goto my account-->Click on Login.. 
07:27:46.685 [main] INFO  - Entering email and password.. 
07:27:47.506 [main] INFO  - clicked on login button...
07:42:18.774 [main] INFO  - Goto my account-->Click on Login.. 
07:42:19.621 [main] INFO  - Entering email and password.. 
07:42:20.495 [main] INFO  - clicked on login button...
07:44:30.850 [main] INFO  - Goto my account-->Click on Login.. 
07:44:31.695 [main] INFO  - Entering email and password.. 
07:44:32.578 [main] INFO  - clicked on login button...
07:46:04.249 [main] INFO  - Goto my account-->Click on Login.. 
07:46:05.043 [main] INFO  - Entering email and password.. 
07:46:05.916 [main] INFO  - clicked on login button...
07:52:55.919 [main] INFO  - Goto my account-->Click on Login.. 
07:52:56.718 [main] INFO  - Entering email and password.. 
07:52:57.593 [main] INFO  - clicked on login button...
17:11:16.327 [main] INFO  - Goto my account-->Click on Login.. 
17:11:17.079 [main] INFO  - Entering email and password.. 
17:11:17.734 [main] INFO  - clicked on login button...
22:20:57.338 [main] INFO  - Goto my account-->Click on Login.. 
22:20:58.157 [main] INFO  - Entering email and password.. 
22:20:58.718 [main] INFO  - clicked on login button...
22:21:12.117 [main] INFO  - Goto my account-->Click on Login.. 
22:21:12.911 [main] INFO  - Entering email and password.. 
22:21:13.653 [main] INFO  - clicked on login button...
15:14:14.016 [main] INFO  - Goto my account-->Click on Login.. 
15:14:14.850 [main] INFO  - Entering email and password.. 
15:14:15.608 [main] INFO  - clicked on login button...
15:14:28.884 [main] INFO  - Goto my account-->Click on Login.. 
15:14:29.985 [main] INFO  - Entering email and password.. 
15:14:30.741 [main] INFO  - clicked on login button...
15:20:49.455 [main] INFO  - Goto my account-->Click on Login.. 
15:20:50.125 [main] INFO  - Entering email and password.. 
15:20:50.913 [main] INFO  - clicked on login button...
15:20:53.388 [main] INFO  - Goto my account-->Click on Login.. 
15:20:54.192 [main] INFO  - Entering email and password.. 
15:20:54.767 [main] INFO  - clicked on login button...
17:21:23.963 [main] INFO  - Goto my account-->Click on Login.. 
17:21:24.632 [main] DEBUG - Parsing relationship: /xl/_rels/workbook.xml.rels
17:21:24.634 [main] DEBUG - Parsing relationship: /xl/worksheets/_rels/sheet1.xml.rels
17:21:24.636 [main] DEBUG - Parsing relationship: /_rels/.rels
17:21:24.785 [main] TRACE - Loading type system org.apache.poi.schemas.ooxml.system.ooxml
17:21:24.787 [main] TRACE - Loading type system org.apache.xmlbeans.metadata.system.sXMLCONFIG
17:21:24.788 [main] TRACE - Loading type system org.apache.xmlbeans.metadata.system.sXMLLANG
17:21:24.788 [main] TRACE - Loading type system org.apache.xmlbeans.metadata.system.sXMLSCHEMA
17:21:24.788 [main] TRACE - Loading type system org.apache.xmlbeans.metadata.system.sXMLTOOLS
17:21:24.790 [main] TRACE - Reading unresolved handles for type system org.apache.xmlbeans.metadata.system.sXMLTOOLS
17:21:24.799 [main] TRACE - Finished loading type system org.apache.xmlbeans.metadata.system.sXMLTOOLS
17:21:24.800 [main] TRACE - Reading unresolved handles for type system org.apache.xmlbeans.metadata.system.sXMLSCHEMA
17:21:24.803 [main] TRACE - Finished loading type system org.apache.xmlbeans.metadata.system.sXMLSCHEMA
17:21:24.804 [main] TRACE - Reading unresolved handles for type system org.apache.xmlbeans.metadata.system.sXMLLANG
17:21:24.805 [main] TRACE - Finished loading type system org.apache.xmlbeans.metadata.system.sXMLLANG
17:21:24.806 [main] TRACE - Reading unresolved handles for type system org.apache.xmlbeans.metadata.system.sXMLCONFIG
17:21:24.806 [main] TRACE - Finished loading type system org.apache.xmlbeans.metadata.system.sXMLCONFIG
17:21:24.807 [main] TRACE - Reading unresolved handles for type system org.apache.poi.schemas.ooxml.system.ooxml
17:21:24.844 [main] TRACE - Finished loading type system org.apache.poi.schemas.ooxml.system.ooxml
17:21:24.845 [main] TRACE - Resolving type for handle themefd26doctype
17:21:24.901 [main] TRACE - Resolving type for handle stylesheet5d8bdoctype
17:21:24.906 [main] TRACE - Resolving type for handle ctstylesheet4257type
17:21:24.911 [main] TRACE - Resolving type for handle ctfonts6623type
17:21:24.914 [main] TRACE - Resolving type for handle ctfont14d8type
17:21:24.920 [main] TRACE - Resolving type for handle ctfills2c6ftype
17:21:24.923 [main] TRACE - Resolving type for handle ctfill550ctype
17:21:24.925 [main] TRACE - Resolving type for handle ctborders0d66type
17:21:24.927 [main] TRACE - Resolving type for handle ctborderf935type
17:21:24.930 [main] TRACE - Resolving type for handle ctcellxfs1322type
17:21:24.934 [main] TRACE - Resolving type for handle ctxf97f7type
17:21:24.936 [main] TRACE - Resolving type for handle ctcellstylexfsa81ftype
17:21:24.938 [main] TRACE - Resolving type for handle ctdxfsb26atype
17:21:24.941 [main] TRACE - Resolving type for handle cttablestyles872ftype
17:21:24.944 [main] TRACE - Resolving type for handle sstf81fdoctype
17:21:24.948 [main] TRACE - Resolving type for handle ctsst44f3type
17:21:24.956 [main] TRACE - Resolving type for handle ctrsta472type
17:21:24.976 [main] DEBUG - using default POIXMLDocumentPart for http://schemas.openxmlformats.org/officeDocument/2006/relationships/printerSettings
17:21:24.977 [main] TRACE - Resolving type for handle workbookec17doctype
17:21:24.982 [main] TRACE - Resolving type for handle ctworkbook83c3type
17:21:24.987 [main] TRACE - Resolving type for handle ctsheets49fdtype
17:21:24.989 [main] TRACE - Resolving type for handle ctsheet4dbetype
17:21:24.991 [main] TRACE - Resolving type for handle strelationshipid1e94type
17:21:24.994 [main] TRACE - Resolving type for handle worksheetf539doctype
17:21:24.999 [main] TRACE - Resolving type for handle ctworksheet530dtype
17:21:25.006 [main] TRACE - Resolving type for handle ctcols627ctype
17:21:25.012 [main] TRACE - Resolving type for handle ctcola95ftype
17:21:25.026 [main] TRACE - Resolving type for handle ctsheetdata8408type
17:21:25.028 [main] TRACE - Resolving type for handle ctrowdd39type
17:21:25.033 [main] TRACE - Resolving type for handle ctcell842btype
17:21:25.040 [main] TRACE - Resolving type for handle stcellrefe4e0type
17:21:25.045 [main] TRACE - Resolving type for handle cthyperlinks6416type
17:21:25.049 [main] TRACE - Resolving type for handle cthyperlink0c85type
17:21:25.056 [main] TRACE - Resolving type for handle stxstringf179type
17:21:25.058 [main] TRACE - Resolving type for handle stcelltypebf95type
17:21:28.393 [main] INFO  - Goto my account-->Click on Login.. 
17:21:29.133 [main] DEBUG - Parsing relationship: /xl/_rels/workbook.xml.rels
17:21:29.134 [main] DEBUG - Parsing relationship: /xl/worksheets/_rels/sheet1.xml.rels
17:21:29.136 [main] DEBUG - Parsing relationship: /_rels/.rels
17:21:29.151 [main] DEBUG - using default POIXMLDocumentPart for http://schemas.openxmlformats.org/officeDocument/2006/relationships/printerSettings
17:21:41.530 [main] INFO  - Goto my account-->Click on Login.. 
17:21:42.218 [main] DEBUG - Parsing relationship: /xl/_rels/workbook.xml.rels
17:21:42.219 [main] DEBUG - Parsing relationship: /xl/worksheets/_rels/sheet1.xml.rels
17:21:42.221 [main] DEBUG - Parsing relationship: /_rels/.rels
17:21:42.233 [main] DEBUG - using default POIXMLDocumentPart for http://schemas.openxmlformats.org/officeDocument/2006/relationships/printerSettings
